<?xml version="1.0" encoding="UTF-8"?>
<testng-results ignored="0" total="1" passed="1" failed="0" skipped="0">
  <reporter-output>
  </reporter-output>
  <suite started-at="2022-12-04T11:54:05 EST" name="Default suite" finished-at="2022-12-04T11:54:20 EST" duration-ms="14646">
    <groups>
    </groups>
    <test started-at="2022-12-04T11:54:05 EST" name="Default test" finished-at="2022-12-04T11:54:20 EST" duration-ms="14646">
      <class name="com.qa.fifa.SearchTest">
        <test-method signature="validteSearch()[pri:0, instance:com.qa.fifa.SearchTest@741a8937]" started-at="2022-12-04T11:54:05 EST" name="validteSearch" finished-at="2022-12-04T11:54:20 EST" duration-ms="14553" status="PASS">
          <reporter-output>
          </reporter-output>
        </test-method> <!-- validteSearch -->
      </class> <!-- com.qa.fifa.SearchTest -->
    </test> <!-- Default test -->
  </suite> <!-- Default suite -->
</testng-results>
